<?xml version="1.0" encoding="UTF-8"?>
<testng-results skipped="0" failed="0" ignored="0" total="1" passed="1">
  <reporter-output>
  </reporter-output>
  <suite name="Default suite" duration-ms="13624" started-at="2021-01-20T17:24:55Z" finished-at="2021-01-20T17:25:09Z">
    <groups>
    </groups>
    <test name="Default test" duration-ms="13624" started-at="2021-01-20T17:24:55Z" finished-at="2021-01-20T17:25:09Z">
      <class name="com.qa.gridizen.LoginTest.AddCalenderTest">
        <test-method status="PASS" signature="beforeMethod()[pri:0, instance:com.qa.gridizen.LoginTest.AddCalenderTest@4671e53b]" name="beforeMethod" is-config="true" duration-ms="12497" started-at="2021-01-20T17:24:55Z" finished-at="2021-01-20T17:25:08Z">
          <reporter-output>
          </reporter-output>
        </test-method> <!-- beforeMethod -->
        <test-method status="PASS" signature="one()[pri:0, instance:com.qa.gridizen.LoginTest.AddCalenderTest@4671e53b]" name="one" duration-ms="10" started-at="2021-01-20T17:25:08Z" finished-at="2021-01-20T17:25:08Z">
          <reporter-output>
          </reporter-output>
        </test-method> <!-- one -->
        <test-method status="PASS" signature="afterMethod(org.testng.ITestResult)[pri:0, instance:com.qa.gridizen.LoginTest.AddCalenderTest@4671e53b]" name="afterMethod" is-config="true" duration-ms="1097" started-at="2021-01-20T17:25:08Z" finished-at="2021-01-20T17:25:09Z">
          <params>
            <param index="0">
              <value>
                <![CDATA[[TestResult name=one status=SUCCESS method=AddCalenderTest.one()[pri:0, instance:com.qa.gridizen.LoginTest.AddCalenderTest@4671e53b] output={null}]]]>
              </value>
            </param>
          </params>
          <reporter-output>
          </reporter-output>
        </test-method> <!-- afterMethod -->
      </class> <!-- com.qa.gridizen.LoginTest.AddCalenderTest -->
    </test> <!-- Default test -->
  </suite> <!-- Default suite -->
</testng-results>
